{"D:\\IT-Incubator\\sprint_01\\step0\\src\\app.ts": {"path":"D:\\IT-Incubator\\sprint_01\\step0\\src\\app.ts","statementMap":{"0":{"start":{"line":1,"column":0},"end":{"line":1,"column":29}},"1":{"start":{"line":2,"column":0},"end":{"line":2,"column":46}},"2":{"start":{"line":3,"column":0},"end":{"line":3,"column":51}},"3":{"start":{"line":4,"column":0},"end":{"line":4,"column":49}},"4":{"start":{"line":6,"column":13},"end":{"line":6,"column":null}},"5":{"start":{"line":7,"column":0},"end":{"line":7,"column":null}},"6":{"start":{"line":9,"column":0},"end":{"line":9,"column":null}},"7":{"start":{"line":10,"column":0},"end":{"line":10,"column":null}}},"fnMap":{},"branchMap":{},"s":{"0":1,"1":1,"2":1,"3":1,"4":1,"5":1,"6":1,"7":1},"f":{},"b":{}}
,"D:\\IT-Incubator\\sprint_01\\step0\\src\\controllers\\test.controller.ts": {"path":"D:\\IT-Incubator\\sprint_01\\step0\\src\\controllers\\test.controller.ts","statementMap":{"0":{"start":{"line":2,"column":0},"end":{"line":2,"column":48}},"1":{"start":{"line":3,"column":0},"end":{"line":3,"column":30}},"2":{"start":{"line":5,"column":23},"end":{"line":8,"column":1}},"3":{"start":{"line":6,"column":4},"end":{"line":6,"column":null}},"4":{"start":{"line":7,"column":4},"end":{"line":7,"column":null}},"5":{"start":{"line":5,"column":13},"end":{"line":5,"column":23}}},"fnMap":{"0":{"name":"(anonymous_0)","decl":{"start":{"line":5,"column":23},"end":{"line":5,"column":24}},"loc":{"start":{"line":5,"column":55},"end":{"line":8,"column":1}}}},"branchMap":{},"s":{"0":1,"1":1,"2":1,"3":1,"4":1,"5":1},"f":{"0":1},"b":{}}
,"D:\\IT-Incubator\\sprint_01\\step0\\src\\controllers\\videos.controller.ts": {"path":"D:\\IT-Incubator\\sprint_01\\step0\\src\\controllers\\videos.controller.ts","statementMap":{"0":{"start":{"line":2,"column":0},"end":{"line":2,"column":48}},"1":{"start":{"line":3,"column":0},"end":{"line":3,"column":30}},"2":{"start":{"line":4,"column":0},"end":{"line":4,"column":null}},"3":{"start":{"line":8,"column":28},"end":{"line":10,"column":1}},"4":{"start":{"line":9,"column":4},"end":{"line":9,"column":51}},"5":{"start":{"line":8,"column":13},"end":{"line":8,"column":28}},"6":{"start":{"line":12,"column":27},"end":{"line":46,"column":1}},"7":{"start":{"line":13,"column":52},"end":{"line":13,"column":60}},"8":{"start":{"line":15,"column":19},"end":{"line":15,"column":21}},"9":{"start":{"line":16,"column":23},"end":{"line":16,"column":43}},"10":{"start":{"line":17,"column":24},"end":{"line":17,"column":46}},"11":{"start":{"line":18,"column":38},"end":{"line":18,"column":80}},"12":{"start":{"line":20,"column":4},"end":{"line":20,"column":58}},"13":{"start":{"line":20,"column":31},"end":{"line":20,"column":58}},"14":{"start":{"line":21,"column":4},"end":{"line":21,"column":60}},"15":{"start":{"line":21,"column":32},"end":{"line":21,"column":60}},"16":{"start":{"line":22,"column":4},"end":{"line":22,"column":88}},"17":{"start":{"line":22,"column":46},"end":{"line":22,"column":88}},"18":{"start":{"line":24,"column":4},"end":{"line":27,"column":5}},"19":{"start":{"line":25,"column":8},"end":{"line":25,"column":79}},"20":{"start":{"line":26,"column":8},"end":{"line":26,"column":15}},"21":{"start":{"line":29,"column":20},"end":{"line":29,"column":44}},"22":{"start":{"line":30,"column":22},"end":{"line":30,"column":41}},"23":{"start":{"line":31,"column":4},"end":{"line":31,"column":51}},"24":{"start":{"line":32,"column":26},"end":{"line":32,"column":51}},"25":{"start":{"line":34,"column":21},"end":{"line":43,"column":6}},"26":{"start":{"line":44,"column":4},"end":{"line":44,"column":29}},"27":{"start":{"line":45,"column":4},"end":{"line":45,"column":55}},"28":{"start":{"line":12,"column":13},"end":{"line":12,"column":27}},"29":{"start":{"line":48,"column":28},"end":{"line":56,"column":1}},"30":{"start":{"line":49,"column":15},"end":{"line":49,"column":36}},"31":{"start":{"line":50,"column":18},"end":{"line":50,"column":60}},"32":{"start":{"line":50,"column":44},"end":{"line":50,"column":59}},"33":{"start":{"line":51,"column":4},"end":{"line":54,"column":5}},"34":{"start":{"line":52,"column":8},"end":{"line":52,"column":51}},"35":{"start":{"line":53,"column":8},"end":{"line":53,"column":15}},"36":{"start":{"line":55,"column":4},"end":{"line":55,"column":49}},"37":{"start":{"line":48,"column":13},"end":{"line":48,"column":28}},"38":{"start":{"line":58,"column":27},"end":{"line":99,"column":1}},"39":{"start":{"line":60,"column":15},"end":{"line":60,"column":36}},"40":{"start":{"line":61,"column":18},"end":{"line":61,"column":60}},"41":{"start":{"line":61,"column":44},"end":{"line":61,"column":59}},"42":{"start":{"line":63,"column":4},"end":{"line":66,"column":5}},"43":{"start":{"line":64,"column":8},"end":{"line":64,"column":53}},"44":{"start":{"line":65,"column":8},"end":{"line":65,"column":15}},"45":{"start":{"line":68,"column":105},"end":{"line":68,"column":113}},"46":{"start":{"line":70,"column":19},"end":{"line":70,"column":21}},"47":{"start":{"line":71,"column":23},"end":{"line":71,"column":43}},"48":{"start":{"line":72,"column":24},"end":{"line":72,"column":46}},"49":{"start":{"line":73,"column":38},"end":{"line":73,"column":80}},"50":{"start":{"line":74,"column":33},"end":{"line":74,"column":75}},"51":{"start":{"line":75,"column":35},"end":{"line":75,"column":79}},"52":{"start":{"line":76,"column":33},"end":{"line":76,"column":73}},"53":{"start":{"line":78,"column":4},"end":{"line":78,"column":58}},"54":{"start":{"line":78,"column":31},"end":{"line":78,"column":58}},"55":{"start":{"line":79,"column":4},"end":{"line":79,"column":60}},"56":{"start":{"line":79,"column":32},"end":{"line":79,"column":60}},"57":{"start":{"line":80,"column":4},"end":{"line":80,"column":88}},"58":{"start":{"line":80,"column":46},"end":{"line":80,"column":88}},"59":{"start":{"line":81,"column":4},"end":{"line":81,"column":78}},"60":{"start":{"line":81,"column":41},"end":{"line":81,"column":78}},"61":{"start":{"line":82,"column":4},"end":{"line":82,"column":82}},"62":{"start":{"line":82,"column":43},"end":{"line":82,"column":82}},"63":{"start":{"line":83,"column":4},"end":{"line":83,"column":78}},"64":{"start":{"line":83,"column":41},"end":{"line":83,"column":78}},"65":{"start":{"line":86,"column":4},"end":{"line":89,"column":5}},"66":{"start":{"line":87,"column":8},"end":{"line":87,"column":79}},"67":{"start":{"line":88,"column":8},"end":{"line":88,"column":15}},"68":{"start":{"line":91,"column":4},"end":{"line":91,"column":24}},"69":{"start":{"line":92,"column":4},"end":{"line":92,"column":26}},"70":{"start":{"line":93,"column":4},"end":{"line":93,"column":44}},"71":{"start":{"line":94,"column":4},"end":{"line":94,"column":48}},"72":{"start":{"line":95,"column":4},"end":{"line":95,"column":44}},"73":{"start":{"line":96,"column":4},"end":{"line":96,"column":59}},"74":{"start":{"line":97,"column":4},"end":{"line":97,"column":50}},"75":{"start":{"line":58,"column":13},"end":{"line":58,"column":27}},"76":{"start":{"line":101,"column":27},"end":{"line":112,"column":1}},"77":{"start":{"line":102,"column":15},"end":{"line":102,"column":36}},"78":{"start":{"line":103,"column":22},"end":{"line":103,"column":64}},"79":{"start":{"line":103,"column":48},"end":{"line":103,"column":63}},"80":{"start":{"line":104,"column":4},"end":{"line":108,"column":5}},"81":{"start":{"line":105,"column":8},"end":{"line":105,"column":65}},"82":{"start":{"line":105,"column":48},"end":{"line":105,"column":63}},"83":{"start":{"line":106,"column":8},"end":{"line":106,"column":null}},"84":{"start":{"line":107,"column":8},"end":{"line":107,"column":15}},"85":{"start":{"line":110,"column":4},"end":{"line":110,"column":null}},"86":{"start":{"line":101,"column":13},"end":{"line":101,"column":27}}},"fnMap":{"0":{"name":"(anonymous_0)","decl":{"start":{"line":8,"column":28},"end":{"line":8,"column":29}},"loc":{"start":{"line":8,"column":60},"end":{"line":10,"column":1}}},"1":{"name":"(anonymous_1)","decl":{"start":{"line":12,"column":27},"end":{"line":12,"column":28}},"loc":{"start":{"line":12,"column":59},"end":{"line":46,"column":1}}},"2":{"name":"(anonymous_2)","decl":{"start":{"line":48,"column":28},"end":{"line":48,"column":29}},"loc":{"start":{"line":48,"column":60},"end":{"line":56,"column":1}}},"3":{"name":"(anonymous_3)","decl":{"start":{"line":50,"column":33},"end":{"line":50,"column":34}},"loc":{"start":{"line":50,"column":44},"end":{"line":50,"column":59}}},"4":{"name":"(anonymous_4)","decl":{"start":{"line":58,"column":27},"end":{"line":58,"column":28}},"loc":{"start":{"line":58,"column":59},"end":{"line":99,"column":1}}},"5":{"name":"(anonymous_5)","decl":{"start":{"line":61,"column":33},"end":{"line":61,"column":34}},"loc":{"start":{"line":61,"column":44},"end":{"line":61,"column":59}}},"6":{"name":"(anonymous_6)","decl":{"start":{"line":101,"column":27},"end":{"line":101,"column":28}},"loc":{"start":{"line":101,"column":59},"end":{"line":112,"column":1}}},"7":{"name":"(anonymous_7)","decl":{"start":{"line":103,"column":37},"end":{"line":103,"column":38}},"loc":{"start":{"line":103,"column":48},"end":{"line":103,"column":63}}},"8":{"name":"(anonymous_8)","decl":{"start":{"line":105,"column":37},"end":{"line":105,"column":38}},"loc":{"start":{"line":105,"column":48},"end":{"line":105,"column":63}}}},"branchMap":{"0":{"loc":{"start":{"line":20,"column":4},"end":{"line":20,"column":58}},"type":"if","locations":[{"start":{"line":20,"column":4},"end":{"line":20,"column":58}}]},"1":{"loc":{"start":{"line":21,"column":4},"end":{"line":21,"column":60}},"type":"if","locations":[{"start":{"line":21,"column":4},"end":{"line":21,"column":60}}]},"2":{"loc":{"start":{"line":22,"column":4},"end":{"line":22,"column":88}},"type":"if","locations":[{"start":{"line":22,"column":4},"end":{"line":22,"column":88}}]},"3":{"loc":{"start":{"line":24,"column":4},"end":{"line":27,"column":5}},"type":"if","locations":[{"start":{"line":24,"column":4},"end":{"line":27,"column":5}}]},"4":{"loc":{"start":{"line":51,"column":4},"end":{"line":54,"column":5}},"type":"if","locations":[{"start":{"line":51,"column":4},"end":{"line":54,"column":5}}]},"5":{"loc":{"start":{"line":63,"column":4},"end":{"line":66,"column":5}},"type":"if","locations":[{"start":{"line":63,"column":4},"end":{"line":66,"column":5}}]},"6":{"loc":{"start":{"line":78,"column":4},"end":{"line":78,"column":58}},"type":"if","locations":[{"start":{"line":78,"column":4},"end":{"line":78,"column":58}}]},"7":{"loc":{"start":{"line":79,"column":4},"end":{"line":79,"column":60}},"type":"if","locations":[{"start":{"line":79,"column":4},"end":{"line":79,"column":60}}]},"8":{"loc":{"start":{"line":80,"column":4},"end":{"line":80,"column":88}},"type":"if","locations":[{"start":{"line":80,"column":4},"end":{"line":80,"column":88}}]},"9":{"loc":{"start":{"line":81,"column":4},"end":{"line":81,"column":78}},"type":"if","locations":[{"start":{"line":81,"column":4},"end":{"line":81,"column":78}}]},"10":{"loc":{"start":{"line":82,"column":4},"end":{"line":82,"column":82}},"type":"if","locations":[{"start":{"line":82,"column":4},"end":{"line":82,"column":82}}]},"11":{"loc":{"start":{"line":83,"column":4},"end":{"line":83,"column":78}},"type":"if","locations":[{"start":{"line":83,"column":4},"end":{"line":83,"column":78}}]},"12":{"loc":{"start":{"line":86,"column":4},"end":{"line":89,"column":5}},"type":"if","locations":[{"start":{"line":86,"column":4},"end":{"line":89,"column":5}}]},"13":{"loc":{"start":{"line":104,"column":4},"end":{"line":108,"column":5}},"type":"if","locations":[{"start":{"line":104,"column":4},"end":{"line":108,"column":5}}]}},"s":{"0":1,"1":1,"2":1,"3":1,"4":5,"5":1,"6":1,"7":4,"8":4,"9":4,"10":4,"11":4,"12":4,"13":3,"14":4,"15":0,"16":4,"17":0,"18":4,"19":3,"20":3,"21":1,"22":1,"23":1,"24":1,"25":1,"26":1,"27":1,"28":1,"29":1,"30":1,"31":1,"32":0,"33":1,"34":0,"35":0,"36":1,"37":1,"38":1,"39":0,"40":0,"41":0,"42":0,"43":0,"44":0,"45":0,"46":0,"47":0,"48":0,"49":0,"50":0,"51":0,"52":0,"53":0,"54":0,"55":0,"56":0,"57":0,"58":0,"59":0,"60":0,"61":0,"62":0,"63":0,"64":0,"65":0,"66":0,"67":0,"68":0,"69":0,"70":0,"71":0,"72":0,"73":0,"74":0,"75":1,"76":1,"77":0,"78":0,"79":0,"80":0,"81":0,"82":0,"83":0,"84":0,"85":0,"86":1},"f":{"0":5,"1":4,"2":1,"3":0,"4":0,"5":0,"6":0,"7":0,"8":0},"b":{"0":[3],"1":[0],"2":[0],"3":[3],"4":[0],"5":[0],"6":[0],"7":[0],"8":[0],"9":[0],"10":[0],"11":[0],"12":[0],"13":[0]}}
,"D:\\IT-Incubator\\sprint_01\\step0\\src\\db\\db.ts": {"path":"D:\\IT-Incubator\\sprint_01\\step0\\src\\db\\db.ts","statementMap":{"0":{"start":{"line":1,"column":0},"end":{"line":1,"column":null}},"1":{"start":{"line":2,"column":4},"end":{"line":2,"column":null}},"2":{"start":{"line":3,"column":4},"end":{"line":3,"column":null}},"3":{"start":{"line":4,"column":4},"end":{"line":4,"column":null}},"4":{"start":{"line":5,"column":4},"end":{"line":5,"column":null}},"5":{"start":{"line":6,"column":4},"end":{"line":6,"column":null}},"6":{"start":{"line":7,"column":4},"end":{"line":7,"column":null}},"7":{"start":{"line":8,"column":4},"end":{"line":8,"column":null}},"8":{"start":{"line":9,"column":4},"end":{"line":9,"column":null}},"9":{"start":{"line":27,"column":13},"end":{"line":29,"column":null}}},"fnMap":{"0":{"name":"(anonymous_0)","decl":{"start":{"line":1,"column":0},"end":{"line":1,"column":12}},"loc":{"start":{"line":1,"column":26},"end":{"line":10,"column":1}}}},"branchMap":{"0":{"loc":{"start":{"line":1,"column":12},"end":{"line":1,"column":null}},"type":"binary-expr","locations":[{"start":{"line":1,"column":12},"end":{"line":1,"column":26}},{"start":{"line":1,"column":26},"end":{"line":1,"column":null}}]}},"s":{"0":1,"1":1,"2":1,"3":1,"4":1,"5":1,"6":1,"7":1,"8":1,"9":1},"f":{"0":1},"b":{"0":[1,1]}}
,"D:\\IT-Incubator\\sprint_01\\step0\\src\\router\\test-router.ts": {"path":"D:\\IT-Incubator\\sprint_01\\step0\\src\\router\\test-router.ts","statementMap":{"0":{"start":{"line":1,"column":0},"end":{"line":1,"column":33}},"1":{"start":{"line":2,"column":0},"end":{"line":2,"column":57}},"2":{"start":{"line":4,"column":13},"end":{"line":4,"column":35}},"3":{"start":{"line":6,"column":0},"end":{"line":6,"column":null}}},"fnMap":{},"branchMap":{},"s":{"0":1,"1":1,"2":1,"3":1},"f":{},"b":{}}
,"D:\\IT-Incubator\\sprint_01\\step0\\src\\router\\video-router.ts": {"path":"D:\\IT-Incubator\\sprint_01\\step0\\src\\router\\video-router.ts","statementMap":{"0":{"start":{"line":1,"column":0},"end":{"line":1,"column":33}},"1":{"start":{"line":2,"column":0},"end":{"line":2,"column":117}},"2":{"start":{"line":4,"column":13},"end":{"line":4,"column":36}},"3":{"start":{"line":6,"column":0},"end":{"line":6,"column":null}},"4":{"start":{"line":7,"column":0},"end":{"line":7,"column":null}},"5":{"start":{"line":8,"column":0},"end":{"line":8,"column":null}},"6":{"start":{"line":9,"column":0},"end":{"line":9,"column":null}},"7":{"start":{"line":10,"column":0},"end":{"line":10,"column":null}}},"fnMap":{},"branchMap":{},"s":{"0":1,"1":1,"2":1,"3":1,"4":1,"5":1,"6":1,"7":1},"f":{},"b":{}}
,"D:\\IT-Incubator\\sprint_01\\step0\\src\\settings\\settings.ts": {"path":"D:\\IT-Incubator\\sprint_01\\step0\\src\\settings\\settings.ts","statementMap":{"0":{"start":{"line":1,"column":0},"end":{"line":1,"column":31}},"1":{"start":{"line":2,"column":0},"end":{"line":2,"column":null}},"2":{"start":{"line":4,"column":13},"end":{"line":17,"column":null}}},"fnMap":{},"branchMap":{"0":{"loc":{"start":{"line":5,"column":10},"end":{"line":5,"column":34}},"type":"binary-expr","locations":[{"start":{"line":5,"column":10},"end":{"line":5,"column":26}},{"start":{"line":5,"column":30},"end":{"line":5,"column":34}}]}},"s":{"0":1,"1":1,"2":1},"f":{},"b":{"0":[1,0]}}
,"D:\\IT-Incubator\\sprint_01\\step0\\src\\validation\\validation.ts": {"path":"D:\\IT-Incubator\\sprint_01\\step0\\src\\validation\\validation.ts","statementMap":{"0":{"start":{"line":1,"column":0},"end":{"line":1,"column":42}},"1":{"start":{"line":8,"column":29},"end":{"line":30,"column":1}},"2":{"start":{"line":9,"column":43},"end":{"line":9,"column":45}},"3":{"start":{"line":11,"column":4},"end":{"line":26,"column":5}},"4":{"start":{"line":12,"column":8},"end":{"line":15,"column":11}},"5":{"start":{"line":16,"column":11},"end":{"line":26,"column":5}},"6":{"start":{"line":17,"column":8},"end":{"line":20,"column":11}},"7":{"start":{"line":21,"column":11},"end":{"line":26,"column":5}},"8":{"start":{"line":22,"column":8},"end":{"line":25,"column":11}},"9":{"start":{"line":28,"column":4},"end":{"line":28,"column":26}},"10":{"start":{"line":8,"column":13},"end":{"line":8,"column":29}},"11":{"start":{"line":32,"column":30},"end":{"line":54,"column":1}},"12":{"start":{"line":33,"column":43},"end":{"line":33,"column":45}},"13":{"start":{"line":35,"column":4},"end":{"line":50,"column":5}},"14":{"start":{"line":36,"column":8},"end":{"line":39,"column":11}},"15":{"start":{"line":40,"column":11},"end":{"line":50,"column":5}},"16":{"start":{"line":41,"column":8},"end":{"line":44,"column":11}},"17":{"start":{"line":45,"column":11},"end":{"line":50,"column":5}},"18":{"start":{"line":46,"column":8},"end":{"line":49,"column":11}},"19":{"start":{"line":52,"column":4},"end":{"line":52,"column":26}},"20":{"start":{"line":32,"column":13},"end":{"line":32,"column":30}},"21":{"start":{"line":56,"column":36},"end":{"line":82,"column":1}},"22":{"start":{"line":57,"column":43},"end":{"line":57,"column":45}},"23":{"start":{"line":58,"column":4},"end":{"line":79,"column":5}},"24":{"start":{"line":59,"column":8},"end":{"line":62,"column":11}},"25":{"start":{"line":63,"column":11},"end":{"line":79,"column":5}},"26":{"start":{"line":64,"column":8},"end":{"line":67,"column":11}},"27":{"start":{"line":68,"column":11},"end":{"line":79,"column":5}},"28":{"start":{"line":69,"column":31},"end":{"line":69,"column":60}},"29":{"start":{"line":70,"column":8},"end":{"line":78,"column":9}},"30":{"start":{"line":71,"column":12},"end":{"line":77,"column":13}},"31":{"start":{"line":72,"column":16},"end":{"line":75,"column":19}},"32":{"start":{"line":76,"column":16},"end":{"line":76,"column":21}},"33":{"start":{"line":81,"column":4},"end":{"line":81,"column":26}},"34":{"start":{"line":56,"column":13},"end":{"line":56,"column":36}},"35":{"start":{"line":84,"column":41},"end":{"line":100,"column":1}},"36":{"start":{"line":85,"column":43},"end":{"line":85,"column":45}},"37":{"start":{"line":87,"column":4},"end":{"line":97,"column":5}},"38":{"start":{"line":88,"column":8},"end":{"line":91,"column":11}},"39":{"start":{"line":92,"column":11},"end":{"line":97,"column":5}},"40":{"start":{"line":93,"column":8},"end":{"line":96,"column":11}},"41":{"start":{"line":99,"column":4},"end":{"line":99,"column":26}},"42":{"start":{"line":84,"column":13},"end":{"line":84,"column":41}},"43":{"start":{"line":102,"column":41},"end":{"line":120,"column":1}},"44":{"start":{"line":103,"column":43},"end":{"line":103,"column":45}},"45":{"start":{"line":105,"column":4},"end":{"line":117,"column":5}},"46":{"start":{"line":106,"column":8},"end":{"line":116,"column":9}},"47":{"start":{"line":107,"column":12},"end":{"line":110,"column":15}},"48":{"start":{"line":111,"column":15},"end":{"line":116,"column":9}},"49":{"start":{"line":112,"column":12},"end":{"line":115,"column":15}},"50":{"start":{"line":119,"column":4},"end":{"line":119,"column":26}},"51":{"start":{"line":102,"column":13},"end":{"line":102,"column":41}},"52":{"start":{"line":122,"column":39},"end":{"line":143,"column":1}},"53":{"start":{"line":123,"column":43},"end":{"line":123,"column":45}},"54":{"start":{"line":125,"column":4},"end":{"line":140,"column":5}},"55":{"start":{"line":126,"column":8},"end":{"line":129,"column":11}},"56":{"start":{"line":130,"column":11},"end":{"line":140,"column":5}},"57":{"start":{"line":131,"column":8},"end":{"line":134,"column":11}},"58":{"start":{"line":135,"column":11},"end":{"line":140,"column":5}},"59":{"start":{"line":136,"column":8},"end":{"line":139,"column":11}},"60":{"start":{"line":142,"column":4},"end":{"line":142,"column":26}},"61":{"start":{"line":122,"column":13},"end":{"line":122,"column":39}}},"fnMap":{"0":{"name":"(anonymous_0)","decl":{"start":{"line":8,"column":29},"end":{"line":8,"column":30}},"loc":{"start":{"line":8,"column":63},"end":{"line":30,"column":1}}},"1":{"name":"(anonymous_1)","decl":{"start":{"line":32,"column":30},"end":{"line":32,"column":31}},"loc":{"start":{"line":32,"column":65},"end":{"line":54,"column":1}}},"2":{"name":"(anonymous_2)","decl":{"start":{"line":56,"column":36},"end":{"line":56,"column":37}},"loc":{"start":{"line":56,"column":76},"end":{"line":82,"column":1}}},"3":{"name":"(anonymous_3)","decl":{"start":{"line":84,"column":41},"end":{"line":84,"column":42}},"loc":{"start":{"line":84,"column":86},"end":{"line":100,"column":1}}},"4":{"name":"(anonymous_4)","decl":{"start":{"line":102,"column":41},"end":{"line":102,"column":42}},"loc":{"start":{"line":102,"column":94},"end":{"line":120,"column":1}}},"5":{"name":"(anonymous_5)","decl":{"start":{"line":122,"column":39},"end":{"line":122,"column":40}},"loc":{"start":{"line":122,"column":83},"end":{"line":143,"column":1}}}},"branchMap":{"0":{"loc":{"start":{"line":11,"column":4},"end":{"line":26,"column":5}},"type":"if","locations":[{"start":{"line":11,"column":4},"end":{"line":26,"column":5}},{"start":{"line":16,"column":11},"end":{"line":26,"column":5}}]},"1":{"loc":{"start":{"line":16,"column":11},"end":{"line":26,"column":5}},"type":"if","locations":[{"start":{"line":16,"column":11},"end":{"line":26,"column":5}},{"start":{"line":21,"column":11},"end":{"line":26,"column":5}}]},"2":{"loc":{"start":{"line":21,"column":11},"end":{"line":26,"column":5}},"type":"if","locations":[{"start":{"line":21,"column":11},"end":{"line":26,"column":5}}]},"3":{"loc":{"start":{"line":35,"column":4},"end":{"line":50,"column":5}},"type":"if","locations":[{"start":{"line":35,"column":4},"end":{"line":50,"column":5}},{"start":{"line":40,"column":11},"end":{"line":50,"column":5}}]},"4":{"loc":{"start":{"line":40,"column":11},"end":{"line":50,"column":5}},"type":"if","locations":[{"start":{"line":40,"column":11},"end":{"line":50,"column":5}},{"start":{"line":45,"column":11},"end":{"line":50,"column":5}}]},"5":{"loc":{"start":{"line":45,"column":11},"end":{"line":50,"column":5}},"type":"if","locations":[{"start":{"line":45,"column":11},"end":{"line":50,"column":5}}]},"6":{"loc":{"start":{"line":58,"column":4},"end":{"line":79,"column":5}},"type":"if","locations":[{"start":{"line":58,"column":4},"end":{"line":79,"column":5}},{"start":{"line":63,"column":11},"end":{"line":79,"column":5}}]},"7":{"loc":{"start":{"line":63,"column":11},"end":{"line":79,"column":5}},"type":"if","locations":[{"start":{"line":63,"column":11},"end":{"line":79,"column":5}},{"start":{"line":68,"column":11},"end":{"line":79,"column":5}}]},"8":{"loc":{"start":{"line":63,"column":15},"end":{"line":63,"column":65}},"type":"binary-expr","locations":[{"start":{"line":63,"column":15},"end":{"line":63,"column":39}},{"start":{"line":63,"column":43},"end":{"line":63,"column":65}}]},"9":{"loc":{"start":{"line":68,"column":11},"end":{"line":79,"column":5}},"type":"if","locations":[{"start":{"line":68,"column":11},"end":{"line":79,"column":5}}]},"10":{"loc":{"start":{"line":71,"column":12},"end":{"line":77,"column":13}},"type":"if","locations":[{"start":{"line":71,"column":12},"end":{"line":77,"column":13}}]},"11":{"loc":{"start":{"line":87,"column":4},"end":{"line":97,"column":5}},"type":"if","locations":[{"start":{"line":87,"column":4},"end":{"line":97,"column":5}},{"start":{"line":92,"column":11},"end":{"line":97,"column":5}}]},"12":{"loc":{"start":{"line":92,"column":11},"end":{"line":97,"column":5}},"type":"if","locations":[{"start":{"line":92,"column":11},"end":{"line":97,"column":5}}]},"13":{"loc":{"start":{"line":105,"column":4},"end":{"line":117,"column":5}},"type":"if","locations":[{"start":{"line":105,"column":4},"end":{"line":117,"column":5}}]},"14":{"loc":{"start":{"line":106,"column":8},"end":{"line":116,"column":9}},"type":"if","locations":[{"start":{"line":106,"column":8},"end":{"line":116,"column":9}},{"start":{"line":111,"column":15},"end":{"line":116,"column":9}}]},"15":{"loc":{"start":{"line":106,"column":12},"end":{"line":106,"column":89}},"type":"binary-expr","locations":[{"start":{"line":106,"column":12},"end":{"line":106,"column":49}},{"start":{"line":106,"column":53},"end":{"line":106,"column":89}}]},"16":{"loc":{"start":{"line":111,"column":15},"end":{"line":116,"column":9}},"type":"if","locations":[{"start":{"line":111,"column":15},"end":{"line":116,"column":9}}]},"17":{"loc":{"start":{"line":111,"column":19},"end":{"line":111,"column":66}},"type":"binary-expr","locations":[{"start":{"line":111,"column":19},"end":{"line":111,"column":40}},{"start":{"line":111,"column":44},"end":{"line":111,"column":66}}]},"18":{"loc":{"start":{"line":125,"column":4},"end":{"line":140,"column":5}},"type":"if","locations":[{"start":{"line":125,"column":4},"end":{"line":140,"column":5}},{"start":{"line":130,"column":11},"end":{"line":140,"column":5}}]},"19":{"loc":{"start":{"line":130,"column":11},"end":{"line":140,"column":5}},"type":"if","locations":[{"start":{"line":130,"column":11},"end":{"line":140,"column":5}},{"start":{"line":135,"column":11},"end":{"line":140,"column":5}}]},"20":{"loc":{"start":{"line":135,"column":11},"end":{"line":140,"column":5}},"type":"if","locations":[{"start":{"line":135,"column":11},"end":{"line":140,"column":5}}]}},"s":{"0":1,"1":1,"2":4,"3":4,"4":1,"5":3,"6":1,"7":2,"8":1,"9":4,"10":1,"11":1,"12":4,"13":4,"14":0,"15":4,"16":0,"17":4,"18":0,"19":4,"20":1,"21":1,"22":4,"23":4,"24":0,"25":4,"26":0,"27":4,"28":4,"29":4,"30":4,"31":0,"32":0,"33":4,"34":1,"35":1,"36":0,"37":0,"38":0,"39":0,"40":0,"41":0,"42":1,"43":1,"44":0,"45":0,"46":0,"47":0,"48":0,"49":0,"50":0,"51":1,"52":1,"53":0,"54":0,"55":0,"56":0,"57":0,"58":0,"59":0,"60":0,"61":1},"f":{"0":4,"1":4,"2":4,"3":0,"4":0,"5":0},"b":{"0":[1,3],"1":[1,2],"2":[1],"3":[0,4],"4":[0,4],"5":[0],"6":[0,4],"7":[0,4],"8":[4,4],"9":[4],"10":[0],"11":[0,0],"12":[0],"13":[0],"14":[0,0],"15":[0,0],"16":[0],"17":[0,0],"18":[0,0],"19":[0,0],"20":[0]}}
}
