TN:
SF:src\app.ts
FNF:0
FNH:0
DA:1,1
DA:2,1
DA:3,1
DA:4,1
DA:6,1
DA:7,1
DA:9,1
DA:10,1
LF:8
LH:8
BRF:0
BRH:0
end_of_record
TN:
SF:src\controllers\test.controller.ts
FN:5,(anonymous_0)
FNF:1
FNH:1
FNDA:1,(anonymous_0)
DA:2,1
DA:3,1
DA:5,1
DA:6,1
DA:7,1
LF:5
LH:5
BRF:0
BRH:0
end_of_record
TN:
SF:src\controllers\videos.controller.ts
FN:8,(anonymous_0)
FN:12,(anonymous_1)
FN:48,(anonymous_2)
FN:50,(anonymous_3)
FN:58,(anonymous_4)
FN:61,(anonymous_5)
FN:101,(anonymous_6)
FN:103,(anonymous_7)
FN:105,(anonymous_8)
FNF:9
FNH:3
FNDA:5,(anonymous_0)
FNDA:4,(anonymous_1)
FNDA:1,(anonymous_2)
FNDA:0,(anonymous_3)
FNDA:0,(anonymous_4)
FNDA:0,(anonymous_5)
FNDA:0,(anonymous_6)
FNDA:0,(anonymous_7)
FNDA:0,(anonymous_8)
DA:2,1
DA:3,1
DA:4,1
DA:8,1
DA:9,5
DA:12,1
DA:13,4
DA:15,4
DA:16,4
DA:17,4
DA:18,4
DA:20,4
DA:21,4
DA:22,4
DA:24,4
DA:25,3
DA:26,3
DA:29,1
DA:30,1
DA:31,1
DA:32,1
DA:34,1
DA:44,1
DA:45,1
DA:48,1
DA:49,1
DA:50,1
DA:51,1
DA:52,0
DA:53,0
DA:55,1
DA:58,1
DA:60,0
DA:61,0
DA:63,0
DA:64,0
DA:65,0
DA:68,0
DA:70,0
DA:71,0
DA:72,0
DA:73,0
DA:74,0
DA:75,0
DA:76,0
DA:78,0
DA:79,0
DA:80,0
DA:81,0
DA:82,0
DA:83,0
DA:86,0
DA:87,0
DA:88,0
DA:91,0
DA:92,0
DA:93,0
DA:94,0
DA:95,0
DA:96,0
DA:97,0
DA:101,1
DA:102,0
DA:103,0
DA:104,0
DA:105,0
DA:106,0
DA:107,0
DA:110,0
LF:69
LH:31
BRDA:20,0,0,3
BRDA:21,1,0,0
BRDA:22,2,0,0
BRDA:24,3,0,3
BRDA:51,4,0,0
BRDA:63,5,0,0
BRDA:78,6,0,0
BRDA:79,7,0,0
BRDA:80,8,0,0
BRDA:81,9,0,0
BRDA:82,10,0,0
BRDA:83,11,0,0
BRDA:86,12,0,0
BRDA:104,13,0,0
BRF:14
BRH:2
end_of_record
TN:
SF:src\db\db.ts
FN:1,(anonymous_0)
FNF:1
FNH:1
FNDA:1,(anonymous_0)
DA:1,1
DA:2,1
DA:3,1
DA:4,1
DA:5,1
DA:6,1
DA:7,1
DA:8,1
DA:9,1
DA:27,1
LF:10
LH:10
BRDA:1,0,0,1
BRDA:1,0,1,1
BRF:2
BRH:2
end_of_record
TN:
SF:src\router\test-router.ts
FNF:0
FNH:0
DA:1,1
DA:2,1
DA:4,1
DA:6,1
LF:4
LH:4
BRF:0
BRH:0
end_of_record
TN:
SF:src\router\video-router.ts
FNF:0
FNH:0
DA:1,1
DA:2,1
DA:4,1
DA:6,1
DA:7,1
DA:8,1
DA:9,1
DA:10,1
LF:8
LH:8
BRF:0
BRH:0
end_of_record
TN:
SF:src\settings\settings.ts
FNF:0
FNH:0
DA:1,1
DA:2,1
DA:4,1
LF:3
LH:3
BRDA:5,0,0,1
BRDA:5,0,1,0
BRF:2
BRH:1
end_of_record
TN:
SF:src\validation\validation.ts
FN:8,(anonymous_0)
FN:32,(anonymous_1)
FN:56,(anonymous_2)
FN:84,(anonymous_3)
FN:102,(anonymous_4)
FN:122,(anonymous_5)
FNF:6
FNH:3
FNDA:4,(anonymous_0)
FNDA:4,(anonymous_1)
FNDA:4,(anonymous_2)
FNDA:0,(anonymous_3)
FNDA:0,(anonymous_4)
FNDA:0,(anonymous_5)
DA:1,1
DA:8,1
DA:9,4
DA:11,4
DA:12,1
DA:16,3
DA:17,1
DA:21,2
DA:22,1
DA:28,4
DA:32,1
DA:33,4
DA:35,4
DA:36,0
DA:40,4
DA:41,0
DA:45,4
DA:46,0
DA:52,4
DA:56,1
DA:57,4
DA:58,4
DA:59,0
DA:63,4
DA:64,0
DA:68,4
DA:69,4
DA:70,4
DA:71,4
DA:72,0
DA:76,0
DA:81,4
DA:84,1
DA:85,0
DA:87,0
DA:88,0
DA:92,0
DA:93,0
DA:99,0
DA:102,1
DA:103,0
DA:105,0
DA:106,0
DA:107,0
DA:111,0
DA:112,0
DA:119,0
DA:122,1
DA:123,0
DA:125,0
DA:126,0
DA:130,0
DA:131,0
DA:135,0
DA:136,0
DA:142,0
LF:56
LH:28
BRDA:11,0,0,1
BRDA:11,0,1,3
BRDA:16,1,0,1
BRDA:16,1,1,2
BRDA:21,2,0,1
BRDA:35,3,0,0
BRDA:35,3,1,4
BRDA:40,4,0,0
BRDA:40,4,1,4
BRDA:45,5,0,0
BRDA:58,6,0,0
BRDA:58,6,1,4
BRDA:63,7,0,0
BRDA:63,7,1,4
BRDA:63,8,0,4
BRDA:63,8,1,4
BRDA:68,9,0,4
BRDA:71,10,0,0
BRDA:87,11,0,0
BRDA:87,11,1,0
BRDA:92,12,0,0
BRDA:105,13,0,0
BRDA:106,14,0,0
BRDA:106,14,1,0
BRDA:106,15,0,0
BRDA:106,15,1,0
BRDA:111,16,0,0
BRDA:111,17,0,0
BRDA:111,17,1,0
BRDA:125,18,0,0
BRDA:125,18,1,0
BRDA:130,19,0,0
BRDA:130,19,1,0
BRDA:135,20,0,0
BRF:34
BRH:12
end_of_record
